{"shortId":"8c6ca6","originalUrl":"google.com","createdAt":1736429677850,"archivedAt":"2025-01-09T13:34:37.851Z"}
{"shortId":"ed1e6e","originalUrl":"facebook.com","createdAt":1736430064591,"archivedAt":"2025-01-09T13:41:04.592Z"}
{"shortId":"18dea9","originalUrl":"https://avaya.com","createdAt":1736432965745,"archivedAt":"2025-01-09T14:29:25.746Z"}
{"shortId":"24e713","originalUrl":"https://avaya.com","createdAt":1736435922759,"archivedAt":"2025-01-09T15:18:42.761Z"}
{"shortId":"8f72b9","originalUrl":"https://test.com","createdAt":1736435959052,"archivedAt":"2025-01-09T15:19:19.054Z"}
{"shortId":"1d7747","originalUrl":"https://test.com","createdAt":1736436191903,"archivedAt":"2025-01-09T15:23:11.904Z"}
{"shortId":"472a92","originalUrl":"https://test.com","createdAt":1736436548938,"archivedAt":"2025-01-09T15:29:08.939Z"}
{"shortId":"98391f","originalUrl":"https://test.com","createdAt":1736436581431,"archivedAt":"2025-01-09T15:29:41.432Z"}
{"shortId":"HbO8mw","originalUrl":"https://test.com","createdAt":1736436964492,"archivedAt":"2025-01-09T15:36:04.493Z"}
{"shortId":"w5WZjB","originalUrl":"https://google.com","createdAt":1736437003851,"archivedAt":"2025-01-09T15:36:43.852Z"}
{"shortId":"Lmwxsn","originalUrl":"https://example.com/my-super-long-url","createdAt":1736437265335,"archivedAt":"2025-01-09T15:41:05.336Z"}
{"shortId":"J9uKRT","originalUrl":"https://netnut.io/","createdAt":1736437344602,"archivedAt":"2025-01-09T15:42:24.602Z"}
{"shortId":"1CmAQq","originalUrl":"https://netnut.io/","createdAt":1736437396112,"archivedAt":"2025-01-09T15:43:16.113Z"}
{"shortId":"eKocZ7","originalUrl":"https://netnut.io/","createdAt":1736438689452,"archivedAt":"2025-01-09T16:04:49.453Z"}
{"shortId":"PvJLWK","originalUrl":"https://netnut.io/","createdAt":1736439160021,"archivedAt":"2025-01-09T16:12:40.023Z"}
{"shortId":"snKtEZ","originalUrl":"https://netnut.io/","createdAt":1736440192613,"archivedAt":"2025-01-09T16:29:52.614Z"}
{"shortId":"aByhx8","originalUrl":"https://netnut.io/  ","createdAt":1736440199193,"archivedAt":"2025-01-09T16:29:59.193Z"}
{"shortId":"LDdiAm","originalUrl":"https://netnut.io/  ","createdAt":1736440203069,"archivedAt":"2025-01-09T16:30:03.070Z"}
{"shortId":"awWx5y","originalUrl":"https:// https://netnut.io/  ","createdAt":1736440214648,"archivedAt":"2025-01-09T16:30:14.649Z"}
{"shortId":"GZd0yl","originalUrl":"https:// https://netnutio/  ","createdAt":1736440223185,"archivedAt":"2025-01-09T16:30:23.186Z"}
{"shortId":"tM6b7h","originalUrl":"https:// https://netnutio  ","createdAt":1736440234569,"archivedAt":"2025-01-09T16:30:34.570Z"}
{"shortId":"KLIasH","originalUrl":"https:// dude  ","createdAt":1736440241277,"archivedAt":"2025-01-09T16:30:41.278Z"}
{"shortId":"iNsJrB","originalUrl":"https:// dude  ","createdAt":1736440254865,"archivedAt":"2025-01-09T16:30:54.866Z"}
{"shortId":"cnWIoT","originalUrl":"https:// dude  ","createdAt":1736440275994,"archivedAt":"2025-01-09T16:31:15.995Z"}
{"shortId":"b4w5Y1","originalUrl":"https://dude.com","createdAt":1736440350840,"archivedAt":"2025-01-09T16:32:30.842Z"}
{"shortId":"FGfsuL","originalUrl":"https:// dude.com","createdAt":1736440525297,"archivedAt":"2025-01-09T16:35:25.299Z"}
{"shortId":"NBAjwx","originalUrl":"https://example.com","createdAt":1736444284780,"archivedAt":"2025-01-09T17:38:04.780Z"}
{"shortId":"Y1fGhu","originalUrl":"https://example.com","createdAt":1736444284783,"archivedAt":"2025-01-09T17:38:04.783Z"}
{"shortId":"mZNLyI","originalUrl":"https://example.com","createdAt":1736444338546,"archivedAt":"2025-01-09T17:38:58.546Z"}
{"shortId":"q9P4jl","originalUrl":"https://example.com","createdAt":1736444338549,"archivedAt":"2025-01-09T17:38:58.549Z"}
{"shortId":"km5nBS","originalUrl":"https://example.com","createdAt":1736444407457,"archivedAt":"2025-01-09T17:40:07.458Z"}
{"shortId":"iPTnMv","originalUrl":"https://example.com","createdAt":1736444407460,"archivedAt":"2025-01-09T17:40:07.460Z"}
{"shortId":"XYUJ3N","originalUrl":"https://example.com","createdAt":1736444566010,"archivedAt":"2025-01-09T17:42:46.011Z"}
{"shortId":"JUjAjj","originalUrl":"https://example.com","createdAt":1736444566013,"archivedAt":"2025-01-09T17:42:46.013Z"}
{"shortId":"TEi8xz","originalUrl":"https://test.com","createdAt":1736444566666,"archivedAt":"2025-01-09T17:42:46.667Z"}
{"shortId":"lIuVq1","originalUrl":"https://example.com","createdAt":1736444617603,"archivedAt":"2025-01-09T17:43:37.603Z"}
{"shortId":"PI94G1","originalUrl":"https://example.com","createdAt":1736444617606,"archivedAt":"2025-01-09T17:43:37.606Z"}
{"shortId":"4kh88C","originalUrl":"https://test.com","createdAt":1736444618067,"archivedAt":"2025-01-09T17:43:38.067Z"}
{"shortId":"UmKjzp","originalUrl":"https://example.com","createdAt":1736444827886,"archivedAt":"2025-01-09T17:47:07.886Z"}
{"shortId":"vOFuEN","originalUrl":"https://example.com","createdAt":1736444827889,"archivedAt":"2025-01-09T17:47:07.889Z"}
{"shortId":"FXFZu4","originalUrl":"https://test.com","createdAt":1736444828382,"archivedAt":"2025-01-09T17:47:08.382Z"}
{"shortId":"QrGWnE","originalUrl":"https://example.com","createdAt":1736445399112,"archivedAt":"2025-01-09T17:56:39.112Z"}
{"shortId":"0Dc2fZ","originalUrl":"https://test.com","createdAt":1736445399367,"archivedAt":"2025-01-09T17:56:39.367Z"}
{"shortId":"FJRaR3","originalUrl":"https://example.com","createdAt":1736445412532,"archivedAt":"2025-01-09T17:56:52.532Z"}
{"shortId":"ukylZH","originalUrl":"https://example.com","createdAt":1736445412535,"archivedAt":"2025-01-09T17:56:52.535Z"}
{"shortId":"5BYBBN","originalUrl":"https://test.com","createdAt":1736445412994,"archivedAt":"2025-01-09T17:56:52.994Z"}
{"shortId":"3wS1C1","originalUrl":"https://example.com","createdAt":1736445421997,"archivedAt":"2025-01-09T17:57:01.997Z"}
{"shortId":"xnBEAA","originalUrl":"https://example.com","createdAt":1736445422000,"archivedAt":"2025-01-09T17:57:02.000Z"}
{"shortId":"3Qj1gD","originalUrl":"https://test.com","createdAt":1736445422242,"archivedAt":"2025-01-09T17:57:02.242Z"}
{"shortId":"sOwTxa","originalUrl":"https://example.com","createdAt":1736445433986,"archivedAt":"2025-01-09T17:57:13.986Z"}
{"shortId":"MmLD6g","originalUrl":"https://test.com","createdAt":1736445434238,"archivedAt":"2025-01-09T17:57:14.238Z"}
{"shortId":"gOzeRK","originalUrl":"https://example.com","createdAt":1736445469156,"archivedAt":"2025-01-09T17:57:49.157Z"}
{"shortId":"0jUpm9","originalUrl":"https://test.com","createdAt":1736445469614,"archivedAt":"2025-01-09T17:57:49.614Z"}
{"shortId":"wmLtQs","originalUrl":"https://example.com","createdAt":1736445663818,"archivedAt":"2025-01-09T18:01:03.818Z"}
{"shortId":"9vDNi9","originalUrl":"https://test.com","createdAt":1736445664213,"archivedAt":"2025-01-09T18:01:04.213Z"}
{"shortId":"rkW2dP","originalUrl":"https://example.com","createdAt":1736445931096,"archivedAt":"2025-01-09T18:05:31.096Z"}
{"shortId":"B0vZYv","originalUrl":"https://test.com","createdAt":1736445931537,"archivedAt":"2025-01-09T18:05:31.537Z"}
{"shortId":"BZd1kz","originalUrl":"https://example.com","createdAt":1736445992998,"archivedAt":"2025-01-09T18:06:32.998Z"}
{"shortId":"q7B3Ef","originalUrl":"https://test.com","createdAt":1736445993454,"archivedAt":"2025-01-09T18:06:33.455Z"}
